<?xml version="1.0" encoding="UTF-8"?>
<!-- Generated by org.testng.reporters.JUnitReportReporter -->
<testsuite hostname="LAPTOP-7523A6MA" failures="0" tests="1" name="homepagetest.RegisterTest" time="6.773" errors="0" timestamp="2023-08-22T19:59:11 IST" skipped="0">
  <testcase classname="homepagetest.RegisterTest" name="testreg" time="6.773"/>
</testsuite> <!-- homepagetest.RegisterTest -->
