<?xml version="1.0" encoding="UTF-8"?>
<!-- Generated by org.testng.reporters.JUnitReportReporter -->
<testsuite hostname="LAPTOP-7523A6MA" failures="0" tests="1" name="homepagetest.SearchFlightTest" time="8.937" errors="0" timestamp="2023-08-03T12:40:57 IST" skipped="0">
  <testcase classname="homepagetest.SearchFlightTest" name="test" time="8.937"/>
</testsuite> <!-- homepagetest.SearchFlightTest -->
