<?xml version="1.0" encoding="UTF-8"?>
<!-- Generated by org.testng.reporters.JUnitReportReporter -->
<testsuite hostname="LAPTOP-7523A6MA" failures="0" tests="1" name="homepagetest.LogoCheckTest" time="2.970" errors="0" timestamp="2023-08-21T17:34:37 IST" skipped="0">
  <testcase classname="homepagetest.LogoCheckTest" name="test1" time="2.970"/>
</testsuite> <!-- homepagetest.LogoCheckTest -->
