<?xml version="1.0" encoding="UTF-8"?>
<!-- Generated by org.testng.reporters.JUnitReportReporter -->
<testsuite hostname="LAPTOP-7523A6MA" failures="0" tests="1" name="homepagetest.IntlHolidaysTest" time="25.813" errors="0" timestamp="2023-08-21T17:22:49 IST" skipped="0">
  <testcase classname="homepagetest.IntlHolidaysTest" name="test3" time="25.813"/>
</testsuite> <!-- homepagetest.IntlHolidaysTest -->
