<?xml version="1.0" encoding="UTF-8"?>
<!-- Generated by org.testng.reporters.JUnitReportReporter -->
<testsuite hostname="LAPTOP-7523A6MA" failures="0" tests="3" name="homepagetest.CrossBrowserTest" time="10.988" errors="0" timestamp="2023-08-11T16:48:55 IST" skipped="0">
  <testcase classname="homepagetest.CrossBrowserTest" name="test1" time="3.773"/>
  <testcase classname="homepagetest.CrossBrowserTest" name="test1" time="2.245"/>
  <testcase classname="homepagetest.CrossBrowserTest" name="test1" time="4.970"/>
</testsuite> <!-- homepagetest.CrossBrowserTest -->
