<?xml version="1.0" encoding="UTF-8"?>
<!-- Generated by org.testng.reporters.JUnitReportReporter -->
<testsuite hostname="LAPTOP-7523A6MA" failures="0" tests="1" name="homepagetest.DatadrivenTest" time="5.415" errors="0" timestamp="2023-08-10T22:56:14 IST" skipped="0">
  <testcase classname="homepagetest.DatadrivenTest" name="test1" time="5.415"/>
</testsuite> <!-- homepagetest.DatadrivenTest -->
