<?xml version="1.0" encoding="UTF-8"?>
<!-- Generated by org.testng.reporters.JUnitReportReporter -->
<testsuite hostname="LAPTOP-7523A6MA" failures="0" tests="1" name="homepagetest.GetTitleTest" time="3.390" errors="0" timestamp="2023-08-21T17:51:35 IST" skipped="0">
  <testcase classname="homepagetest.GetTitleTest" name="test" time="3.390"/>
</testsuite> <!-- homepagetest.GetTitleTest -->
