<?xml version="1.0" encoding="UTF-8"?>
<!-- Generated by org.testng.reporters.JUnitReportReporter -->
<testsuite hostname="LAPTOP-7523A6MA" failures="0" tests="1" name="homepagetest.CheckResponseCode" time="725.342" errors="0" timestamp="2023-08-07T12:08:42 IST" skipped="0">
  <testcase classname="homepagetest.CheckResponseCode" name="testresponse" time="725.342"/>
</testsuite> <!-- homepagetest.CheckResponseCode -->
