<?xml version="1.0" encoding="UTF-8"?>
<!-- Generated by org.testng.reporters.JUnitReportReporter -->
<testsuite hostname="LAPTOP-7523A6MA" failures="0" tests="1" name="homepagetest.LoginTest" time="4.860" errors="0" timestamp="2023-08-20T00:03:05 IST" skipped="0">
  <testcase classname="homepagetest.LoginTest" name="logintest" time="4.860"/>
</testsuite> <!-- homepagetest.LoginTest -->
